current directory: /Users/SDN/Desktop/sample_app/path/ruby/2.3.0/gems/bcrypt-3.1.7/ext/mri
/usr/local/opt/ruby/bin/ruby -r ./siteconf20161121-233-1kp5fyk.rb extconf.rb
checking for ruby/util.h... yes
creating Makefile

To see why this extension failed to compile, please check the mkmf.log which can be found here:

  /Users/SDN/Desktop/sample_app/path/ruby/2.3.0/extensions/x86_64-darwin-15/2.3.0/bcrypt-3.1.7/mkmf.log

current directory: /Users/SDN/Desktop/sample_app/path/ruby/2.3.0/gems/bcrypt-3.1.7/ext/mri
make "DESTDIR=" clean

current directory: /Users/SDN/Desktop/sample_app/path/ruby/2.3.0/gems/bcrypt-3.1.7/ext/mri
make "DESTDIR="
compiling bcrypt_ext.c
bcrypt_ext.c:17:25: warning: implicit conversion loses integer precision: 'long' to 'int' [-Wshorten-64-to-32]
            NIL_P(input) ? 0 : RSTRING_LEN(input));
                               ^~~~~~~~~~~~~~~~~~
/usr/local/Cellar/ruby/2.3.1/include/ruby-2.3.0/ruby/ruby.h:998:6: note: expanded from macro 'RSTRING_LEN'
     RSTRING_EMBED_LEN(str) : \
     ^~~~~~~~~~~~~~~~~~~~~~
/usr/local/Cellar/ruby/2.3.1/include/ruby-2.3.0/ruby/ruby.h:994:6: note: expanded from macro 'RSTRING_EMBED_LEN'
     (long)((RBASIC(str)->flags >> RSTRING_EMBED_LEN_SHIFT) & \
     ^~~~~~~~~~~~~~~~~~~~~~~~~~~~~~~~~~~~~~~~~~~~~~~~~~~~~~~~~~
bcrypt_ext.c:17:25: warning: implicit conversion loses integer precision: 'long' to 'int' [-Wshorten-64-to-32]
            NIL_P(input) ? 0 : RSTRING_LEN(input));
                               ^~~~~~~~~~~~~~~~~~
/usr/local/Cellar/ruby/2.3.1/include/ruby-2.3.0/ruby/ruby.h:999:28: note: expanded from macro 'RSTRING_LEN'
     RSTRING(str)->as.heap.len)
     ~~~~~~~~~~~~~~~~~~~~~~^~~
2 warnings generated.
compiling crypt.c
crypt.c:15:26: warning: implicit conversion loses integer precision: 'long' to 'int' [-Wshorten-64-to-32]
      NIL_P(input) ? 0 : RSTRING_LEN(input));
                         ^~~~~~~~~~~~~~~~~~
/usr/local/Cellar/ruby/2.3.1/include/ruby-2.3.0/ruby/ruby.h:998:6: note: expanded from macro 'RSTRING_LEN'
     RSTRING_EMBED_LEN(str) : \
     ^~~~~~~~~~~~~~~~~~~~~~
/usr/local/Cellar/ruby/2.3.1/include/ruby-2.3.0/ruby/ruby.h:994:6: note: expanded from macro 'RSTRING_EMBED_LEN'
     (long)((RBASIC(str)->flags >> RSTRING_EMBED_LEN_SHIFT) & \
     ^~~~~~~~~~~~~~~~~~~~~~~~~~~~~~~~~~~~~~~~~~~~~~~~~~~~~~~~~~
crypt.c:15:26: warning: implicit conversion loses integer precision: 'long' to 'int' [-Wshorten-64-to-32]
      NIL_P(input) ? 0 : RSTRING_LEN(input));
                         ^~~~~~~~~~~~~~~~~~
/usr/local/Cellar/ruby/2.3.1/include/ruby-2.3.0/ruby/ruby.h:999:28: note: expanded from macro 'RSTRING_LEN'
     RSTRING(str)->as.heap.len)
     ~~~~~~~~~~~~~~~~~~~~~~^~~
2 warnings generated.
compiling crypt_blowfish.c
compiling crypt_gensalt.c
compiling wrapper.c
linking shared-object bcrypt_ext.bundle

current directory: /Users/SDN/Desktop/sample_app/path/ruby/2.3.0/gems/bcrypt-3.1.7/ext/mri
make "DESTDIR=" install
/usr/bin/install -c -m 0755 bcrypt_ext.bundle ./.gem.20161121-233-cl9mi8
